<?xml version="1.0" encoding="UTF-8"?>
<testsuite name="com.nbe.NBE3_4_1_Team15.Nbe341Team15ApplicationTests" tests="1" skipped="0" failures="0" errors="0" timestamp="2025-01-18T05:17:29" hostname="JaeIs-MacBook-Air.local" time="0.441">
  <properties/>
  <testcase name="contextLoads()" classname="com.nbe.NBE3_4_1_Team15.Nbe341Team15ApplicationTests" time="0.441"/>
  <system-out><![CDATA[14:17:26.120 [Test worker] INFO org.springframework.test.context.support.AnnotationConfigContextLoaderUtils -- Could not detect default configuration classes for test class [com.nbe.NBE3_4_1_Team15.Nbe341Team15ApplicationTests]: Nbe341Team15ApplicationTests does not declare any static, non-private, non-final, nested classes annotated with @Configuration.
14:17:26.204 [Test worker] INFO org.springframework.boot.test.context.SpringBootTestContextBootstrapper -- Found @SpringBootConfiguration com.nbe.NBE3_4_1_Team15.Nbe341Team15Application for test class com.nbe.NBE3_4_1_Team15.Nbe341Team15ApplicationTests

  .   ____          _            __ _ _
 /\\ / ___'_ __ _ _(_)_ __  __ _ \ \ \ \
( ( )\___ | '_ | '_| | '_ \/ _` | \ \ \ \
 \\/  ___)| |_)| | | | | || (_| |  ) ) ) )
  '  |____| .__|_| |_|_| |_\__, | / / / /
 =========|_|==============|___/=/_/_/_/

?[32m :: Spring Boot :: ?[39m              ?[2m (v3.4.1)?[0;39m

?[2m2025-01-18T14:17:26.506+09:00?[0;39m ?[32m INFO?[0;39m ?[35m13607?[0;39m ?[2m--- [restByTdd] [    Test worker] ?[0;39m?[36mc.n.N.Nbe341Team15ApplicationTests      ?[0;39m ?[2m:?[0;39m Starting Nbe341Team15ApplicationTests using Java 23.0.1 with PID 13607 (started by jaei in /Users/jaei/Desktop/Springboot/NBE3-4-1-15Team/backend)
?[2m2025-01-18T14:17:26.507+09:00?[0;39m ?[32m INFO?[0;39m ?[35m13607?[0;39m ?[2m--- [restByTdd] [    Test worker] ?[0;39m?[36mc.n.N.Nbe341Team15ApplicationTests      ?[0;39m ?[2m:?[0;39m The following 1 profile is active: "dev"
?[2m2025-01-18T14:17:27.062+09:00?[0;39m ?[32m INFO?[0;39m ?[35m13607?[0;39m ?[2m--- [restByTdd] [    Test worker] ?[0;39m?[36m.s.d.r.c.RepositoryConfigurationDelegate?[0;39m ?[2m:?[0;39m Bootstrapping Spring Data JPA repositories in DEFAULT mode.
?[2m2025-01-18T14:17:27.121+09:00?[0;39m ?[32m INFO?[0;39m ?[35m13607?[0;39m ?[2m--- [restByTdd] [    Test worker] ?[0;39m?[36m.s.d.r.c.RepositoryConfigurationDelegate?[0;39m ?[2m:?[0;39m Finished Spring Data repository scanning in 51 ms. Found 5 JPA repository interfaces.
?[2m2025-01-18T14:17:27.554+09:00?[0;39m ?[32m INFO?[0;39m ?[35m13607?[0;39m ?[2m--- [restByTdd] [    Test worker] ?[0;39m?[36mo.hibernate.jpa.internal.util.LogHelper ?[0;39m ?[2m:?[0;39m HHH000204: Processing PersistenceUnitInfo [name: default]
?[2m2025-01-18T14:17:27.593+09:00?[0;39m ?[32m INFO?[0;39m ?[35m13607?[0;39m ?[2m--- [restByTdd] [    Test worker] ?[0;39m?[36morg.hibernate.Version                   ?[0;39m ?[2m:?[0;39m HHH000412: Hibernate ORM core version 6.6.4.Final
?[2m2025-01-18T14:17:27.616+09:00?[0;39m ?[32m INFO?[0;39m ?[35m13607?[0;39m ?[2m--- [restByTdd] [    Test worker] ?[0;39m?[36mo.h.c.internal.RegionFactoryInitiator   ?[0;39m ?[2m:?[0;39m HHH000026: Second-level cache disabled
?[2m2025-01-18T14:17:27.798+09:00?[0;39m ?[32m INFO?[0;39m ?[35m13607?[0;39m ?[2m--- [restByTdd] [    Test worker] ?[0;39m?[36mo.s.o.j.p.SpringPersistenceUnitInfo     ?[0;39m ?[2m:?[0;39m No LoadTimeWeaver setup: ignoring JPA class transformer
?[2m2025-01-18T14:17:27.821+09:00?[0;39m ?[32m INFO?[0;39m ?[35m13607?[0;39m ?[2m--- [restByTdd] [    Test worker] ?[0;39m?[36mcom.zaxxer.hikari.HikariDataSource      ?[0;39m ?[2m:?[0;39m HikariPool-1 - Starting...
?[2m2025-01-18T14:17:28.136+09:00?[0;39m ?[32m INFO?[0;39m ?[35m13607?[0;39m ?[2m--- [restByTdd] [    Test worker] ?[0;39m?[36mcom.zaxxer.hikari.pool.HikariPool       ?[0;39m ?[2m:?[0;39m HikariPool-1 - Added connection com.mysql.cj.jdbc.ConnectionImpl@76e2a621
?[2m2025-01-18T14:17:28.140+09:00?[0;39m ?[32m INFO?[0;39m ?[35m13607?[0;39m ?[2m--- [restByTdd] [    Test worker] ?[0;39m?[36mcom.zaxxer.hikari.HikariDataSource      ?[0;39m ?[2m:?[0;39m HikariPool-1 - Start completed.
?[2m2025-01-18T14:17:28.202+09:00?[0;39m ?[32m INFO?[0;39m ?[35m13607?[0;39m ?[2m--- [restByTdd] [    Test worker] ?[0;39m?[36morg.hibernate.orm.connections.pooling   ?[0;39m ?[2m:?[0;39m HHH10001005: Database info:
	Database JDBC URL [Connecting through datasource 'HikariDataSource (HikariPool-1)']
	Database driver: undefined/unknown
	Database version: 9.1
	Autocommit mode: undefined/unknown
	Isolation level: undefined/unknown
	Minimum pool size: undefined/unknown
	Maximum pool size: undefined/unknown
?[2m2025-01-18T14:17:28.970+09:00?[0;39m ?[32m INFO?[0;39m ?[35m13607?[0;39m ?[2m--- [restByTdd] [    Test worker] ?[0;39m?[36mo.h.e.t.j.p.i.JtaPlatformInitiator      ?[0;39m ?[2m:?[0;39m HHH000489: No JTA platform available (set 'hibernate.transaction.jta.platform' to enable JTA platform integration)
?[2m2025-01-18T14:17:28.981+09:00?[0;39m ?[32mDEBUG?[0;39m ?[35m13607?[0;39m ?[2m--- [restByTdd] [    Test worker] ?[0;39m?[36morg.hibernate.SQL                       ?[0;39m ?[2m:?[0;39m 
    ?[34malter?[0m ?[34mtable?[0m cart_product 
       ?[34mdrop?[0m 
       ?[34mforeign?[0m ?[34mkey?[0m FKlv5x4iresnv4xspvomrwd8ej9
?[2m2025-01-18T14:17:28.983+09:00?[0;39m ?[32m INFO?[0;39m ?[35m13607?[0;39m ?[2m--- [restByTdd] [    Test worker] ?[0;39m?[36morg.hibernate.orm.connections.access    ?[0;39m ?[2m:?[0;39m HHH10001501: Connection obtained from JdbcConnectionAccess [org.hibernate.engine.jdbc.env.internal.JdbcEnvironmentInitiator$ConnectionProviderJdbcConnectionAccess@6ad036d6] for (non-JTA) DDL execution was not in auto-commit mode; the Connection 'local transaction' will be committed and the Connection will be set into auto-commit mode.
?[2m2025-01-18T14:17:28.994+09:00?[0;39m ?[32mDEBUG?[0;39m ?[35m13607?[0;39m ?[2m--- [restByTdd] [    Test worker] ?[0;39m?[36morg.hibernate.SQL                       ?[0;39m ?[2m:?[0;39m 
    ?[34malter?[0m ?[34mtable?[0m cart_product 
       ?[34mdrop?[0m 
       ?[34mforeign?[0m ?[34mkey?[0m FK2kdlr8hs2bwl14u8oop49vrxi
?[2m2025-01-18T14:17:29.004+09:00?[0;39m ?[32mDEBUG?[0;39m ?[35m13607?[0;39m ?[2m--- [restByTdd] [    Test worker] ?[0;39m?[36morg.hibernate.SQL                       ?[0;39m ?[2m:?[0;39m 
    ?[34malter?[0m ?[34mtable?[0m ?[34mmember?[0m 
       ?[34mdrop?[0m 
       ?[34mforeign?[0m ?[34mkey?[0m FK5k4esj8icuux45t6rvtbe3fr0
?[2m2025-01-18T14:17:29.017+09:00?[0;39m ?[32mDEBUG?[0;39m ?[35m13607?[0;39m ?[2m--- [restByTdd] [    Test worker] ?[0;39m?[36morg.hibernate.SQL                       ?[0;39m ?[2m:?[0;39m 
    ?[34malter?[0m ?[34mtable?[0m order_table 
       ?[34mdrop?[0m 
       ?[34mforeign?[0m ?[34mkey?[0m FKcjbkuxfu1sdtsts8lj5e7nkc9
?[2m2025-01-18T14:17:29.025+09:00?[0;39m ?[32mDEBUG?[0;39m ?[35m13607?[0;39m ?[2m--- [restByTdd] [    Test worker] ?[0;39m?[36morg.hibernate.SQL                       ?[0;39m ?[2m:?[0;39m 
    ?[34malter?[0m ?[34mtable?[0m product 
       ?[34mdrop?[0m 
       ?[34mforeign?[0m ?[34mkey?[0m FKnlsnjukov4vm4dv1dw0l438hi
?[2m2025-01-18T14:17:29.034+09:00?[0;39m ?[32mDEBUG?[0;39m ?[35m13607?[0;39m ?[2m--- [restByTdd] [    Test worker] ?[0;39m?[36morg.hibernate.SQL                       ?[0;39m ?[2m:?[0;39m 
    ?[34mdrop?[0m ?[34mtable?[0m ?[34mif?[0m ?[34mexists?[0m cart
?[2m2025-01-18T14:17:29.039+09:00?[0;39m ?[32mDEBUG?[0;39m ?[35m13607?[0;39m ?[2m--- [restByTdd] [    Test worker] ?[0;39m?[36morg.hibernate.SQL                       ?[0;39m ?[2m:?[0;39m 
    ?[34mdrop?[0m ?[34mtable?[0m ?[34mif?[0m ?[34mexists?[0m cart_product
?[2m2025-01-18T14:17:29.045+09:00?[0;39m ?[32mDEBUG?[0;39m ?[35m13607?[0;39m ?[2m--- [restByTdd] [    Test worker] ?[0;39m?[36morg.hibernate.SQL                       ?[0;39m ?[2m:?[0;39m 
    ?[34mdrop?[0m ?[34mtable?[0m ?[34mif?[0m ?[34mexists?[0m ?[34mmember?[0m
?[2m2025-01-18T14:17:29.050+09:00?[0;39m ?[32mDEBUG?[0;39m ?[35m13607?[0;39m ?[2m--- [restByTdd] [    Test worker] ?[0;39m?[36morg.hibernate.SQL                       ?[0;39m ?[2m:?[0;39m 
    ?[34mdrop?[0m ?[34mtable?[0m ?[34mif?[0m ?[34mexists?[0m order_table
?[2m2025-01-18T14:17:29.054+09:00?[0;39m ?[32mDEBUG?[0;39m ?[35m13607?[0;39m ?[2m--- [restByTdd] [    Test worker] ?[0;39m?[36morg.hibernate.SQL                       ?[0;39m ?[2m:?[0;39m 
    ?[34mdrop?[0m ?[34mtable?[0m ?[34mif?[0m ?[34mexists?[0m product
?[2m2025-01-18T14:17:29.063+09:00?[0;39m ?[32mDEBUG?[0;39m ?[35m13607?[0;39m ?[2m--- [restByTdd] [    Test worker] ?[0;39m?[36morg.hibernate.SQL                       ?[0;39m ?[2m:?[0;39m 
    ?[34mcreate?[0m ?[34mtable?[0m cart (
        id ?[34mbigint?[0m ?[34mnot?[0m ?[34mnull?[0m auto_increment,
        ?[34mprimary?[0m ?[34mkey?[0m (id)
    ) engine=InnoDB
?[2m2025-01-18T14:17:29.063+09:00?[0;39m ?[32m INFO?[0;39m ?[35m13607?[0;39m ?[2m--- [restByTdd] [    Test worker] ?[0;39m?[36morg.hibernate.orm.connections.access    ?[0;39m ?[2m:?[0;39m HHH10001501: Connection obtained from JdbcConnectionAccess [org.hibernate.engine.jdbc.env.internal.JdbcEnvironmentInitiator$ConnectionProviderJdbcConnectionAccess@6ed87b1c] for (non-JTA) DDL execution was not in auto-commit mode; the Connection 'local transaction' will be committed and the Connection will be set into auto-commit mode.
?[2m2025-01-18T14:17:29.069+09:00?[0;39m ?[32mDEBUG?[0;39m ?[35m13607?[0;39m ?[2m--- [restByTdd] [    Test worker] ?[0;39m?[36morg.hibernate.SQL                       ?[0;39m ?[2m:?[0;39m 
    ?[34mcreate?[0m ?[34mtable?[0m cart_product (
        quantity ?[34minteger?[0m,
        cart_id ?[34mbigint?[0m,
        create_at datetime(6),
        id ?[34mbigint?[0m ?[34mnot?[0m ?[34mnull?[0m auto_increment,
        product_id ?[34mbigint?[0m,
        update_at datetime(6),
        ?[34mprimary?[0m ?[34mkey?[0m (id)
    ) engine=InnoDB
?[2m2025-01-18T14:17:29.078+09:00?[0;39m ?[32mDEBUG?[0;39m ?[35m13607?[0;39m ?[2m--- [restByTdd] [    Test worker] ?[0;39m?[36morg.hibernate.SQL                       ?[0;39m ?[2m:?[0;39m 
    ?[34mcreate?[0m ?[34mtable?[0m ?[34mmember?[0m (
        cart_id ?[34mbigint?[0m,
        create_at datetime(6),
        id ?[34mbigint?[0m ?[34mnot?[0m ?[34mnull?[0m auto_increment,
        update_at datetime(6),
        address ?[34mvarchar?[0m(255),
        email ?[34mvarchar?[0m(255),
        password ?[34mvarchar?[0m(255),
        post_code ?[34mvarchar?[0m(255),
        username ?[34mvarchar?[0m(255),
        member_type enum (?[36m'ADMIN'?[0m,?[36m'CUSTOMER'?[0m),
        ?[34mprimary?[0m ?[34mkey?[0m (id)
    ) engine=InnoDB
?[2m2025-01-18T14:17:29.085+09:00?[0;39m ?[32mDEBUG?[0;39m ?[35m13607?[0;39m ?[2m--- [restByTdd] [    Test worker] ?[0;39m?[36morg.hibernate.SQL                       ?[0;39m ?[2m:?[0;39m 
    ?[34mcreate?[0m ?[34mtable?[0m order_table (
        total_price ?[34minteger?[0m,
        consumer_id ?[34mbigint?[0m,
        create_at datetime(6),
        id ?[34mbigint?[0m ?[34mnot?[0m ?[34mnull?[0m auto_increment,
        order_date datetime(6),
        update_at datetime(6),
        order_type enum (?[36m'CANCELED'?[0m,?[36m'DELIVERY'?[0m,?[36m'ORDERED'?[0m,?[36m'PAID'?[0m),
        ?[34mprimary?[0m ?[34mkey?[0m (id)
    ) engine=InnoDB
?[2m2025-01-18T14:17:29.093+09:00?[0;39m ?[32mDEBUG?[0;39m ?[35m13607?[0;39m ?[2m--- [restByTdd] [    Test worker] ?[0;39m?[36morg.hibernate.SQL                       ?[0;39m ?[2m:?[0;39m 
    ?[34mcreate?[0m ?[34mtable?[0m product (
        price ?[34minteger?[0m,
        stock ?[34minteger?[0m,
        create_at datetime(6),
        id ?[34mbigint?[0m ?[34mnot?[0m ?[34mnull?[0m auto_increment,
        member_id ?[34mbigint?[0m,
        update_at datetime(6),
        category ?[34mvarchar?[0m(255),
        description ?[34mvarchar?[0m(255),
        name ?[34mvarchar?[0m(255),
        ?[34mprimary?[0m ?[34mkey?[0m (id)
    ) engine=InnoDB
?[2m2025-01-18T14:17:29.102+09:00?[0;39m ?[32mDEBUG?[0;39m ?[35m13607?[0;39m ?[2m--- [restByTdd] [    Test worker] ?[0;39m?[36morg.hibernate.SQL                       ?[0;39m ?[2m:?[0;39m 
    ?[34malter?[0m ?[34mtable?[0m ?[34mmember?[0m 
       ?[34madd?[0m ?[34mconstraint?[0m UK9nushoynfa35ryn3atw2pqmp1 ?[34munique?[0m (cart_id)
?[2m2025-01-18T14:17:29.108+09:00?[0;39m ?[32mDEBUG?[0;39m ?[35m13607?[0;39m ?[2m--- [restByTdd] [    Test worker] ?[0;39m?[36morg.hibernate.SQL                       ?[0;39m ?[2m:?[0;39m 
    ?[34malter?[0m ?[34mtable?[0m cart_product 
       ?[34madd?[0m ?[34mconstraint?[0m FKlv5x4iresnv4xspvomrwd8ej9 
       ?[34mforeign?[0m ?[34mkey?[0m (cart_id) 
       ?[34mreferences?[0m cart (id)
?[2m2025-01-18T14:17:29.120+09:00?[0;39m ?[32mDEBUG?[0;39m ?[35m13607?[0;39m ?[2m--- [restByTdd] [    Test worker] ?[0;39m?[36morg.hibernate.SQL                       ?[0;39m ?[2m:?[0;39m 
    ?[34malter?[0m ?[34mtable?[0m cart_product 
       ?[34madd?[0m ?[34mconstraint?[0m FK2kdlr8hs2bwl14u8oop49vrxi 
       ?[34mforeign?[0m ?[34mkey?[0m (product_id) 
       ?[34mreferences?[0m product (id)
?[2m2025-01-18T14:17:29.133+09:00?[0;39m ?[32mDEBUG?[0;39m ?[35m13607?[0;39m ?[2m--- [restByTdd] [    Test worker] ?[0;39m?[36morg.hibernate.SQL                       ?[0;39m ?[2m:?[0;39m 
    ?[34malter?[0m ?[34mtable?[0m ?[34mmember?[0m 
       ?[34madd?[0m ?[34mconstraint?[0m FK5k4esj8icuux45t6rvtbe3fr0 
       ?[34mforeign?[0m ?[34mkey?[0m (cart_id) 
       ?[34mreferences?[0m cart (id)
?[2m2025-01-18T14:17:29.146+09:00?[0;39m ?[32mDEBUG?[0;39m ?[35m13607?[0;39m ?[2m--- [restByTdd] [    Test worker] ?[0;39m?[36morg.hibernate.SQL                       ?[0;39m ?[2m:?[0;39m 
    ?[34malter?[0m ?[34mtable?[0m order_table 
       ?[34madd?[0m ?[34mconstraint?[0m FKcjbkuxfu1sdtsts8lj5e7nkc9 
       ?[34mforeign?[0m ?[34mkey?[0m (consumer_id) 
       ?[34mreferences?[0m ?[34mmember?[0m (id)
?[2m2025-01-18T14:17:29.159+09:00?[0;39m ?[32mDEBUG?[0;39m ?[35m13607?[0;39m ?[2m--- [restByTdd] [    Test worker] ?[0;39m?[36morg.hibernate.SQL                       ?[0;39m ?[2m:?[0;39m 
    ?[34malter?[0m ?[34mtable?[0m product 
       ?[34madd?[0m ?[34mconstraint?[0m FKnlsnjukov4vm4dv1dw0l438hi 
       ?[34mforeign?[0m ?[34mkey?[0m (member_id) 
       ?[34mreferences?[0m ?[34mmember?[0m (id)
?[2m2025-01-18T14:17:29.175+09:00?[0;39m ?[32m INFO?[0;39m ?[35m13607?[0;39m ?[2m--- [restByTdd] [    Test worker] ?[0;39m?[36mj.LocalContainerEntityManagerFactoryBean?[0;39m ?[2m:?[0;39m Initialized JPA EntityManagerFactory for persistence unit 'default'
?[2m2025-01-18T14:17:29.487+09:00?[0;39m ?[33m WARN?[0;39m ?[35m13607?[0;39m ?[2m--- [restByTdd] [    Test worker] ?[0;39m?[36mJpaBaseConfiguration$JpaWebConfiguration?[0;39m ?[2m:?[0;39m spring.jpa.open-in-view is enabled by default. Therefore, database queries may be performed during view rendering. Explicitly configure spring.jpa.open-in-view to disable this warning
?[2m2025-01-18T14:17:29.504+09:00?[0;39m ?[33m WARN?[0;39m ?[35m13607?[0;39m ?[2m--- [restByTdd] [    Test worker] ?[0;39m?[36m.s.s.UserDetailsServiceAutoConfiguration?[0;39m ?[2m:?[0;39m 

Using generated security password: ee2a00c6-822c-4725-93ab-d3833c3703d3

This generated password is for development use only. Your security configuration must be updated before running your application in production.

?[2m2025-01-18T14:17:29.511+09:00?[0;39m ?[32m INFO?[0;39m ?[35m13607?[0;39m ?[2m--- [restByTdd] [    Test worker] ?[0;39m?[36mr$InitializeUserDetailsManagerConfigurer?[0;39m ?[2m:?[0;39m Global AuthenticationManager configured with UserDetailsService bean with name inMemoryUserDetailsManager
?[2m2025-01-18T14:17:29.569+09:00?[0;39m ?[32m INFO?[0;39m ?[35m13607?[0;39m ?[2m--- [restByTdd] [    Test worker] ?[0;39m?[36mo.s.b.a.w.s.WelcomePageHandlerMapping   ?[0;39m ?[2m:?[0;39m Adding welcome page: class path resource [static/index.html]
?[2m2025-01-18T14:17:29.970+09:00?[0;39m ?[32m INFO?[0;39m ?[35m13607?[0;39m ?[2m--- [restByTdd] [    Test worker] ?[0;39m?[36mc.n.N.Nbe341Team15ApplicationTests      ?[0;39m ?[2m:?[0;39m Started Nbe341Team15ApplicationTests in 3.668 seconds (process running for 6.148)
]]></system-out>
  <system-err><![CDATA[Mockito is currently self-attaching to enable the inline-mock-maker. This will no longer work in future releases of the JDK. Please add Mockito as an agent to your build what is described in Mockito's documentation: https://javadoc.io/doc/org.mockito/mockito-core/latest/org/mockito/Mockito.html#0.3
WARNING: A Java agent has been loaded dynamically (/Users/jaei/.gradle/caches/modules-2/files-2.1/net.bytebuddy/byte-buddy-agent/1.15.11/a38b16385e867f59a641330f0362ebe742788ed8/byte-buddy-agent-1.15.11.jar)
WARNING: If a serviceability tool is in use, please run with -XX:+EnableDynamicAgentLoading to hide this warning
WARNING: If a serviceability tool is not in use, please run with -Djdk.instrument.traceUsage for more information
WARNING: Dynamic loading of agents will be disallowed by default in a future release
]]></system-err>
</testsuite>
